<?xml version="1.0" encoding="UTF-8"?>
<testng-results ignored="2" total="5" passed="3" failed="0" skipped="0">
  <reporter-output>
  </reporter-output>
  <suite started-at="2022-07-10T11:49:45 IST" name="SmokeSuite" finished-at="2022-07-10T11:50:10 IST" duration-ms="25107">
    <groups>
    </groups>
    <test started-at="2022-07-10T11:49:45 IST" name="SmokeTest" finished-at="2022-07-10T11:50:10 IST" duration-ms="25107">
      <class name="smokeTests.HESDeviceInventory">
        <test-method signature="getDevice()[pri:0, instance:smokeTests.HESDeviceInventory@61019f59]" started-at="2022-07-10T11:50:06 IST" name="getDevice" finished-at="2022-07-10T11:50:10 IST" duration-ms="3353" status="PASS">
          <reporter-output>
          </reporter-output>
        </test-method> <!-- getDevice -->
      </class> <!-- smokeTests.HESDeviceInventory -->
      <class name="smokeTests.HESCellularMonitoring">
        <test-method is-config="true" signature="initializeTest()[pri:0, instance:smokeTests.HESCellularMonitoring@4e7095ac]" started-at="2022-07-10T11:49:42 IST" name="initializeTest" finished-at="2022-07-10T11:49:45 IST" duration-ms="2539" status="PASS">
          <reporter-output>
          </reporter-output>
        </test-method> <!-- initializeTest -->
        <test-method signature="hesCheck(java.lang.String,java.lang.String,java.lang.String)[pri:0, instance:smokeTests.HESCellularMonitoring@4e7095ac]" started-at="2022-07-10T11:49:46 IST" name="hesCheck" data-provider="getData" finished-at="2022-07-10T11:49:58 IST" duration-ms="12043" status="PASS">
          <params>
            <param index="0">
              <value>
                <![CDATA[Aditya]]>
              </value>
            </param>
            <param index="1">
              <value>
                <![CDATA[Patil]]>
              </value>
            </param>
            <param index="2">
              <value>
                <![CDATA[411041]]>
              </value>
            </param>
          </params>
          <reporter-output>
          </reporter-output>
        </test-method> <!-- hesCheck -->
        <test-method signature="hesCheck(java.lang.String,java.lang.String,java.lang.String)[pri:0, instance:smokeTests.HESCellularMonitoring@4e7095ac]" started-at="2022-07-10T11:49:58 IST" name="hesCheck" data-provider="getData" finished-at="2022-07-10T11:50:06 IST" duration-ms="8834" status="PASS">
          <params>
            <param index="0">
              <value>
                <![CDATA[Vasant]]>
              </value>
            </param>
            <param index="1">
              <value>
                <![CDATA[Patil]]>
              </value>
            </param>
            <param index="2">
              <value>
                <![CDATA[416003]]>
              </value>
            </param>
          </params>
          <reporter-output>
          </reporter-output>
        </test-method> <!-- hesCheck -->
        <test-method is-config="true" signature="clearAll()[pri:0, instance:smokeTests.HESCellularMonitoring@4e7095ac]" started-at="2022-07-10T11:50:10 IST" name="clearAll" finished-at="2022-07-10T11:50:11 IST" duration-ms="580" status="PASS">
          <reporter-output>
          </reporter-output>
        </test-method> <!-- clearAll -->
      </class> <!-- smokeTests.HESCellularMonitoring -->
    </test> <!-- SmokeTest -->
  </suite> <!-- SmokeSuite -->
</testng-results>
