<?xml version="1.0" encoding="UTF-8"?>
<!-- Generated by org.testng.reporters.JUnitXMLReporter -->
<testsuite ignored="2" hostname="LAPTOP-3A2B2CLM" failures="0" tests="3" name="SmokeTest" time="25.107" errors="0" timestamp="2022-07-10T11:50:10 IST">
  <testcase classname="smokeTests.HESCellularMonitoring" name="hesCheck" time="12.043"/>
  <testcase classname="smokeTests.HESCellularMonitoring" name="hesCheck" time="8.834"/>
  <testcase classname="smokeTests.HESDeviceInventory" name="getDevice" time="3.353"/>
  <testcase classname="base.BaseTest" name="@BeforeSuite initializeTest" time="0.0">
    <ignored/>
  </testcase> <!-- @BeforeSuite initializeTest -->
  <testcase classname="base.BaseTest" name="@AfterSuite clearAll" time="0.0">
    <ignored/>
  </testcase> <!-- @AfterSuite clearAll -->
</testsuite> <!-- SmokeTest -->
