<?xml version="1.0" encoding="UTF-8"?>
<!-- Generated by org.testng.reporters.JUnitXMLReporter -->
<testsuite ignored="1" hostname="LAPTOP-3A2B2CLM" failures="0" tests="5" name="Home Loan" time="0.049" errors="0" timestamp="2022-08-09T07:42:52 IST">
  <testcase classname="Test.Basic2" name="carLoan" time="0.008"/>
  <testcase classname="Test.Basic2" name="perform" time="0.002"/>
  <testcase classname="Test.Basic2" name="perform" time="0.003"/>
  <testcase classname="Test.Basic2" name="perform" time="0.003"/>
  <testcase classname="Test.Basic2" name="bikeLoan" time="0.001"/>
  <testcase classname="Test.Basic2" name="truckLoan" time="0.0">
    <ignored/>
  </testcase> <!-- truckLoan -->
</testsuite> <!-- Home Loan -->
