<?xml version="1.0" encoding="UTF-8"?>
<!-- Generated by org.testng.reporters.JUnitXMLReporter -->
<testsuite ignored="0" hostname="LAPTOP-3A2B2CLM" failures="1" tests="2" name="Vehicle Loan" time="2.08" errors="0" timestamp="2022-08-09T07:42:52 IST">
  <testcase classname="Test.Basic1" name="demo" time="2.017">
    <failure type="java.lang.AssertionError" message="null">
      <![CDATA[java.lang.AssertionError: null
at Test.Basic1.demo(Basic1.java:42)
at java.base/java.util.ArrayList.forEach(ArrayList.java:1511)
... Removed 29 stack frames]]>
    </failure>
  </testcase> <!-- demo -->
  <testcase classname="Test.Basic1" name="eem" time="0.002"/>
</testsuite> <!-- Vehicle Loan -->
